         w __deregister_frame_info
         w __register_frame_info
         w userAppExit
         w userAppInit
00000000 00000802 B __ctru_dev_utf16_buf
00000000 b _TLS_MODULE_BASE_
00000000 a shift
00000000 a shift
00000804 00000401 B __ctru_dev_path_buf
00100000 A __start__
00100000 T _start
00100008 T __service_ptr
0010000c T __apt_appid
00100010 T __heap_size
00100014 T __linear_heap_size
00100018 T __system_arglist
0010001c T __system_runflags
00100020 t startup
00100058 t ClearMem
0010006c t ClrLoop
00100094 T _init
001000ac T __aeabi_idiv
001000ac 00000220 T __divsi3
001000b4 t .divsi3_skip_div0_test
001002cc 00000020 T __aeabi_idivmod
001002ec 00000004 W __aeabi_idiv0
001002ec 00000004 W __aeabi_ldiv0
001002f0 T __aeabi_drsub
001002f8 000002b0 T __aeabi_dsub
001002f8 000002b0 T __subdf3
001002fc 000002ac T __adddf3
001002fc 000002ac T __aeabi_dadd
001005a8 00000024 T __aeabi_ui2d
001005a8 00000024 T __floatunsidf
001005cc 00000028 T __aeabi_i2d
001005cc 00000028 T __floatsidf
001005f4 00000048 T __aeabi_f2d
001005f4 00000048 T __extendsfdf2
0010063c 00000074 T __aeabi_ul2d
0010063c 00000074 T __floatundidf
00100650 00000060 T __aeabi_l2d
00100650 00000060 T __floatdidf
001006b0 T __aeabi_uldivmod
00100708 00000390 T strcmp
00100a90 t .udivsi3_skip_div0_test
00100a90 T __aeabi_uidiv
00100a90 000001ec T __udivsi3
00100c7c 00000020 T __aeabi_uidivmod
00100c9c t __do_global_dtors_aux
00100cdc t frame_dummy
00100d08 00000040 t loadTextureFromMem.constprop.0
00100d48 00000a80 T main
001017c8 00000028 T AttrInfo_Init
001017f0 00000094 T AttrInfo_AddLoader
00101884 00000020 T C3D_GetAttrInfo
001018a4 00000080 T C3Di_AttrInfoBind
00101924 00000004 W C3Di_LightEnvUpdate
00101928 00000004 W C3Di_LightEnvDirty
0010192c 00000004 W C3Di_ProcTexUpdate
00101930 00000004 W C3Di_ProcTexDirty
00101934 000000b4 t C3Di_AptEventHook
001019e8 000001d0 T C3D_Init
00101bb8 00000098 T C3D_SetViewport
00101c50 000004e8 T C3Di_UpdateContext
00102138 000000e0 T C3Di_SplitFrame
00102218 00000044 T C3D_Fini
0010225c 00000194 T C3D_BindProgram
001023f0 00000024 T BufInfo_Init
00102414 00000080 T BufInfo_Add
00102494 00000020 T C3D_GetBufInfo
001024b4 00000048 T C3Di_BufInfoBind
001024fc 00000148 T C3D_DrawArrays
00102644 00000040 T C3D_DepthMap
00102684 0000001c T C3D_CullFace
001026a0 00000040 T C3D_StencilTest
001026e0 00000024 T C3D_StencilOp
00102704 0000001c T C3D_BlendingColor
00102720 00000024 T C3D_EarlyDepthTest
00102744 0000002c T C3D_DepthTest
00102770 0000002c T C3D_AlphaTest
0010279c 00000050 T C3D_AlphaBlend
001027ec 00000030 T C3D_FragOpMode
0010281c 00000044 T C3D_FragOpShadow
00102860 000001ac T C3Di_EffectBind
00102a0c 0000004c T C3D_FogGasMode
00102a58 0000001c T C3D_CalcColorBufSize
00102a74 0000001c T C3D_CalcDepthBufSize
00102a90 00000044 T C3D_SetFrameBuf
00102ad4 0000016c T C3Di_FrameBufBind
00102c40 000000c8 T C3D_FrameBufClear
00102d08 00000044 T C3D_FrameBufTransfer
00102d4c 00000144 T GasLut_FromArray
00102e90 00000030 T C3D_GasLutBind
00102ec0 00000198 T C3Di_GasUpdate
00103058 000000a8 T C3D_ImmSendAttrib
00103100 0000004c t onVBlank0
0010314c 0000004c t onVBlank1
00103198 00000080 t C3Di_RenderTargetDestroy
00103218 000000f4 t onQueueFinish
0010330c 00000038 T C3Di_RenderQueueEnableVBlank
00103344 00000030 T C3Di_RenderQueueDisableVBlank
00103374 00000060 T C3Di_RenderQueueInit
001033d4 000000b4 T C3Di_RenderQueueExit
00103488 00000034 T C3Di_RenderQueueWaitDone
001034bc 000000e8 T C3D_FrameBegin
001035a4 00000048 T C3D_FrameDrawOn
001035ec 000001d0 T C3D_FrameEnd
001037bc 00000170 T C3D_RenderTargetCreate
0010392c 000000a8 T C3D_RenderTargetSetOutput
001039d4 000000fc T C3D_SyncTextureCopy
00103ad0 000003d8 t Tex3DSi_ImportCommon
00103ea8 00000034 T Tex3DS_TextureImport
00103edc 00000004 T Tex3DS_TextureFree
00103ee0 00000034 T C3D_GetTexEnv
00103f14 00000024 T C3Di_TexEnvBind
00103f38 00000290 T C3D_TexInitWithParams
001041c8 000000c8 T C3D_TexLoadImage
00104290 00000044 T C3D_TexBind
001042d4 00000074 T C3D_TexDelete
00104348 0000014c T C3Di_SetTex
00104494 00000290 T C3D_UpdateUniforms
00104724 000000c0 T C3Di_DirtyUniforms
001047e4 000000d8 T C3Di_LoadShaderUniforms
001048bc 00000028 T C3Di_ClearShaderUniforms
001048e4 0000012c T Mtx_LookAt
00104a10 00000094 T Mtx_PerspTilt
00104aa4 000000a4 T Mtx_RotateX
00104b48 000000a0 T Mtx_RotateY
00104be8 000000a4 T Mtx_Translate
00104c8c 00000024 t addrMapNodeComparator(rbtree_node const*, rbtree_node const*)
00104cb0 00000004 t addrMapNodeDestructor(rbtree_node*)
00104cb4 00000120 T linearMemAlign
00104dd4 00000008 T linearAlloc
00104ddc 0000005c T linearFree
00104e38 00000080 T MemPool::CoalesceRight(MemBlock*)
00104eb8 0000016c T MemPool::Allocate(MemChunk&, unsigned long, int)
00105024 000000fc T MemPool::Deallocate(MemChunk const&)
00105120 00000030 T MemPool::GetFreeSpace()
00105150 00000024 t addrMapNodeComparator(rbtree_node const*, rbtree_node const*)
00105174 00000004 t addrMapNodeDestructor(rbtree_node*)
00105178 0000024c T vramMemAlignAt
001053c4 0000000c T vramAlloc
001053d0 0000000c T vramAllocAt
001053dc 00000090 T vramFree
0010546c 0000051c t consoleHandleColorEsc
00105988 000000b8 t consoleColorStateShift
00105a40 000001ac T consoleDrawChar
00105bec 00000124 T consolePrintChar
00105d10 000006f4 T con_write
00106404 000000fc t newRow
00106500 0000018c T consoleInit
0010668c 000000b8 T consoleClear
00106744 000000d0 t gfxPresentFramebuffer
00106814 0000001c T gfxIsWide
00106830 000000ec T gfxSetScreenFormat
0010691c 00000010 T gfxSetDoubleBuffering
0010692c 000000e0 T gfxInit
00106a0c 00000010 T gfxInitDefault
00106a1c 000000b4 T gfxExit
00106ad0 000000a0 T gfxGetFramebuffer
00106b70 00000104 T gfxFlushBuffers
00106c74 00000030 T gfxScreenSwapBuffers
00106ca4 00000050 T gfxSwapBuffersGpu
00106cf4 00000074 T osConvertVirtToPhys
00106d68 00000034 T __ctru_speedup_config
00106d9c 0000013c T GPUCMD_Add
00106ed8 000000b0 T GPUCMD_Split
00106f88 00000034 T f32tof16
00106fbc 00000034 T f32tof24
00106ff0 00000038 T f32tof31
00107028 00000010 T GX_BindQueue
00107038 00000078 T GX_ProcessCommandList
001070b0 00000074 T GX_MemoryFill
00107124 00000070 T GX_DisplayTransfer
00107194 00000074 T GX_TextureCopy
00107208 00000068 t gxCmdQueueDoCommands.part.0
00107270 000000c8 T gxCmdQueueInterrupt
00107338 0000004c T gxCmdQueueClear
00107384 000000f8 T gxCmdQueueAdd
0010747c 00000080 T gxCmdQueueRun
001074fc 00000060 T gxCmdQueueStop
0010755c 0000008c T gxCmdQueueWait
001075e8 000001d0 T shaderInstanceInit
001077b8 00000018 T shaderInstanceGetUniformLocation
001077d0 0000001c T shaderProgramInit
001077ec 00000064 T shaderProgramFree
00107850 00000080 T shaderProgramSetVsh
001078d0 000008e0 T shaderProgramConfigure
001081b0 000001cc t DVLE_GenerateOutmap.part.0
0010837c 000001b4 T DVLB_ParseFile
00108530 00000038 T DVLB_Free
00108568 00000074 T DVLE_GetUniformRegister
001085dc 000001ac t aptConvertScreenForCapture
00108788 00000008 W aptDspSleep
00108790 00000004 W aptDspWakeup
00108794 00000004 W aptDspCancel
00108798 00000158 T aptSendCommand
001088f0 00000044 t aptExitProcess
00108934 0000038c T aptExit
00108cc0 000000e0 T aptHandleSleep
00108da0 00000030 T aptHook
00108dd0 00000030 T aptUnhook
00108e00 00000084 T APT_SleepIfShellClosed
00108e84 00000084 T aptSetSleepAllowed
00108f08 00000084 T APT_UnlockTransition
00108f90 000004a4 t aptEventHandler
00109434 000000b0 T APT_ReceiveParameter
001094e4 000000ac t aptReceiveParameter.constprop.0
00109590 000002ac t aptScreenTransfer
0010983c 00000320 t aptWaitForWakeUp.isra.0
00109b5c 000000f8 T aptJumpToHomeMenu
00109c54 00000048 T aptMainLoop
00109c9c 0000022c T aptInit
00109ec8 0000007c T APT_CheckNew3DS
00109f44 00000c64 t gspHardwareInit
0010aba8 00000248 T gspInit
0010adf0 000000f0 T gspExit
0010aee0 00000010 T gspHasGpuRight
0010aef0 000000a0 T gspPresentBuffer
0010af90 00000030 T gspSetEventCallback
0010afc0 00000044 T gspWaitForEvent
0010b004 0000004c T gspWaitForAnyEvent
0010b050 00000158 t gspEventThreadMain
0010b1a8 00000130 T gspSubmitGxCommand
0010b2d8 00000050 T GSPGPU_FlushDataCache
0010b328 00000034 T GSPGPU_SetLcdForceBlack
0010b35c 00000068 T GSPGPU_AcquireRight
0010b3c4 00000048 T GSPGPU_ReleaseRight
0010b40c 0000007c T GSPGPU_ImportDisplayCaptureInfo
0010b488 0000002c T GSPGPU_SaveVramSysArea
0010b4b4 0000002c T GSPGPU_RestoreVramSysArea
0010b4e0 00000024 W hidShouldUseIrrst
0010b504 0000018c T hidInit
0010b690 000000e8 T hidExit
0010b778 000002a4 T hidScanInput
0010ba1c 00000010 T hidKeysHeld
0010ba2c 00000010 T hidKeysDown
0010ba3c 00000010 T hidKeysUp
0010ba4c 00000160 T irrstInit
0010bbac 000000cc T irrstExit
0010bc78 000000b4 T irrstScanInput
0010bd2c 00000024 T irrstKeysHeld
0010bd50 00000074 T ptmSysmInit
0010bdc4 0000003c T ptmSysmExit
0010be00 00000034 T PTMSYSM_ConfigureNew3DSCPU
0010be34 000000c4 t buffer_read
0010bef8 000000cc t iov_read
0010bfc4 00000148 t iov_memmove
0010c10c 000001dc t decompress_rle
0010c2e8 00000244 t decompress_lzss
0010c52c 00000428 t decompress_lz11
0010c954 000002d4 t decompress_huff
0010cc28 000000dc T decompressHeader
0010cd04 00000240 T decompressV
0010cf44 00000074 T rbtree_find
0010cfb8 00000010 T rbtree_init
0010cfc8 000001b0 t do_insert
0010d178 00000008 T rbtree_insert
0010d180 00000318 T rbtree_remove
0010d498 00000090 T rbtree_rotate
0010d528 000001e0 W __system_allocateHeaps
0010d708 00000038 W __libctru_init
0010d740 00000170 W __system_initArgv
0010d8b0 00000030 T __syscall_getreent
0010d8e0 00000004 T __syscall_lock_acquire
0010d8e4 00000004 T __syscall_lock_release
0010d8e8 00000004 T __syscall_lock_acquire_recursive
0010d8ec 00000004 T __syscall_lock_release_recursive
0010d8f0 00000004 T __syscall_exit
0010d8f4 00000050 T initThreadVars
0010d944 00000080 T __system_initSyscalls
0010d9c4 T svcControlMemory
0010d9e4 T svcQueryMemory
0010da14 T svcExitProcess
0010da1c T svcCreateThread
0010da3c T svcExitThread
0010da44 T svcSleepThread
0010da4c T svcReleaseMutex
0010da54 T svcCreateEvent
0010da68 T svcSignalEvent
0010da70 T svcClearEvent
0010da78 T svcMapMemoryBlock
0010da80 T svcUnmapMemoryBlock
0010da88 T svcCreateAddressArbiter
0010da9c T svcArbitrateAddressNoTimeout
0010daa4 T svcCloseHandle
0010daac T svcWaitSynchronization
0010dab4 T svcWaitSynchronizationN
0010dadc T svcDuplicateHandle
0010daf0 T svcGetSystemTick
0010daf8 T svcConnectToPort
0010db0c T svcSendSyncRequest
0010db14 T svcGetResourceLimit
0010db28 T svcGetResourceLimitLimitValues
0010db30 T svcGetResourceLimitCurrentValues
0010db38 T svcBreak
0010db40 W initSystem
0010db90 W __ctru_exit
0010dba4 00000084 W envGetHandle
0010dc28 00000050 W envDestroyHandles
0010dc78 0000012c T srvInit
0010dda4 00000058 T srvExit
0010ddfc 00000060 T srvEnableNotification
0010de5c 000000a0 T srvGetServiceHandleDirect
0010defc 00000038 T srvGetServiceHandle
0010df34 00000034 T srvSubscribe
0010df68 00000060 T srvReceiveNotification
0010dfc8 00000038 T srvPublishToSubscriber
0010e000 0000000c T __sync_init
0010e00c 00000018 T __sync_fini
0010e024 0000002c T syncArbitrateAddress
0010e050 000000ac T LightLock_Lock
0010e0fc 00000040 T LightLock_Unlock
0010e13c 00000030 T RecursiveLock_Lock
0010e16c 00000054 T RecursiveLock_Unlock
0010e1c0 00000040 T LightEvent_Init
0010e200 000000a4 T LightEvent_Clear
0010e2a4 000000c8 T LightEvent_Signal
0010e36c 00000050 T LightEvent_TryWait
0010e3bc 000000a0 T LightEvent_Wait
0010e45c 000001d8 T threadCreate
0010e634 0000002c T threadFree
0010e660 00000024 T threadJoin
0010e684 00000030 T threadGetCurrent
0010e6b4 00000040 T threadExit
0010e6f4 00000020 t _thread_begin
0010e714 000000b4 t mappableFindAddressWithin
0010e7c8 00000028 T mappableInit
0010e7f0 00000080 T mappableAlloc
0010e870 00000004 T mappableFree
0010e874 0000000c T srvPmGetSessionHandle
0010e880 0000005c T rbtree_node_next
0010e8dc 00000030 W __appExit
0010e90c 00000030 W __appInit
0010e93c 00000090 W __libctru_exit
0010e9cc 00000014 t archive_link
0010e9e0 00000014 t archive_dirreset
0010e9f4 00000014 t archive_chmod
0010ea08 00000024 t error_cmp
0010ea2c 00000050 t archive_translate_error
0010ea7c 000000c8 t archive_seek
0010eb44 0000007c t _archiveInit.part.0
0010ebc0 000000c4 t archiveFindDevice.part.0
0010ec84 00000280 t archive_utf16path
0010ef04 0000009c t _archiveUnmountDeviceStruct.part.0
0010efa0 00000014 t archive_fchmod
0010efb4 00000014 t archive_statvfs
0010efc8 00000164 t _archiveMountDevice
0010f12c 000000e8 t archive_diropen
0010f214 000000a4 t archive_fstat
0010f2b8 0000006c t archive_fsync
0010f324 0000006c t archive_close
0010f390 00000070 t archive_dirclose
0010f400 000000e8 t sdmc_statvfs
0010f4e8 000000ec t archive_chdir
0010f5d4 0000007c t archive_ftruncate
0010f650 000000ac t archive_read
0010f6fc 000000a4 t archive_unlink
0010f7a0 000000bc t archive_rmdir
0010f85c 000000dc t archive_mkdir
0010f938 00000194 t archive_stat
0010facc 00000160 t archive_dirnext
0010fc2c 00000124 t archive_write
0010fd50 0000020c t archive_open
0010ff5c 00000278 t archive_rename
001101d4 0000019c T archiveMountSdmc
00110370 00000054 T archiveUnmountAll
001103c4 000000cc T fsInit
00110490 0000003c T fsExit
001104cc 00000060 T fsExemptFromSession
0011052c 00000050 T fsUnexemptFromSession
0011057c 000000cc T FSUSER_OpenFile
00110648 000000bc T FSUSER_DeleteFile
00110704 000000f8 T FSUSER_RenameFile
001107fc 000000bc T FSUSER_DeleteDirectory
001108b8 000000d4 T FSUSER_CreateFile
0011098c 000000c4 T FSUSER_CreateDirectory
00110a50 000000f8 T FSUSER_RenameDirectory
00110b48 000000b4 T FSUSER_OpenDirectory
00110bfc 00000094 T FSUSER_OpenArchive
00110c90 0000008c T FSUSER_CloseArchive
00110d1c 00000074 T FSUSER_GetSdmcArchiveResource
00110d90 00000064 T FSUSER_IsSdmcWritable
00110df4 00000058 T FSFILE_Read
00110e4c 00000060 T FSFILE_Write
00110eac 00000038 T FSFILE_GetSize
00110ee4 00000028 T FSFILE_SetSize
00110f0c 0000003c T FSFILE_Close
00110f48 00000024 T FSFILE_Flush
00110f6c 00000050 T FSDIR_Read
00110fbc 0000003c T FSDIR_Close
00110ff8 0000013c T decode_utf8
00111134 000000e8 T utf16_to_utf8
0011121c 000000c0 T utf8_to_utf16
001112dc T __aeabi_read_tp
001112e8 00000064 T decode_utf16
0011134c 00000054 T encode_utf16
001113a0 000000e0 T encode_utf8
00111480 00000070 T tanf
001114f0 00000244 T sinf
00111738 0000022c T cosf
00111964 00000024 t with_errnof
00111988 0000001c T __math_invalidf
001119a8 000000c8 T sin
00111a70 000000c0 T cos
00111b30 00000208 T __kernel_tanf
00111d38 000002c8 T __ieee754_rem_pio2f
00112000 00000158 T __kernel_cos
00112158 000000c0 T __kernel_sin
00112218 00000010 T fabsf
00112228 00000308 T __ieee754_rem_pio2
00112530 00000014 T fabs
00112544 00000844 T __kernel_rem_pio2f
00112d88 000000c0 T floorf
00112e48 00000870 T __kernel_rem_pio2
001136b8 00000140 T scalbn
001137f8 0000012c T scalbnf
00113928 00000144 T floor
00113a6c 00000120 T __udivmoddi4
00113b8c 00000034 T printf
00113bc0 00000020 T memalign
00113be0 0000014c T _memalign_r
00113d2c 00000078 T bsearch
00113da4 00000020 T calloc
00113dc4 000000c0 T _calloc_r
00113e84 0000025c T setvbuf
001140e0 00000004 W __call_exitprocs
001140e4 00000030 T exit
00114114 000000f8 T _malloc_trim_r
0011420c 000002e8 T _free_r
001144f4 00000018 T malloc
0011450c 00000018 T free
00114524 0000079c T _malloc_r
00114cc0 000000f4 T memset
00114db4 0000000c T __malloc_lock
00114dc0 0000000c T __malloc_unlock
00114dcc 0000064c t get_arg
00115418 00003378 T _vfprintf_r
00118790 000000b8 t __sbprintf
00118848 00000090 T strlen
001188d8 0000022c T __sflush_r
00118b04 00000094 T _fflush_r
00118b98 000000e4 T strncat
00118c7c 000000e4 T strncmp
00118d60 00000070 T _fwalk_sglue
00118dd0 000000c4 T strncpy
00118e94 0000001c t stdio_exit_handler
00118eb0 0000005c t cleanup_stdio
00118f0c 00000154 t global_stdio_init.part.0
00119060 0000005c T __sinit
001190bc 0000000c T __sfp_lock_acquire
001190c8 0000000c T __sfp_lock_release
001190d4 00000048 T strnlen
0011911c 000001d8 t _strtoul_l.isra.0
001192f4 00000034 T strtoul
00119328 00000024 T __locale_mb_cur_max
0011934c 00000024 T _localeconv_r
00119370 000000e0 T memchr
00119450 000000f0 T __utf8_wctomb
00119540 0000011c T memcpy
0011965c 00000084 T __libc_init_array
001196e0 0000003c T __libc_fini_array
0011971c 0000000c T __errno
00119728 00000088 T frexp
001197b0 0000012c T __smakebuf_r
001198dc 0000008c T __swhatbuf_r
00119968 000000a0 T _wcrtomb_r
00119a08 00000028 T _wcsrtombs_r
00119a30 00000044 T __sread
00119a74 00000068 T __swrite
00119adc 00000044 T __sseek
00119b20 00000008 T __sclose
00119b28 0000064c t get_arg
0011a174 00000030 T __sprint_r
0011a1a4 00002304 T _vfiprintf_r
0011c4a8 000000b8 t __sbprintf
0011c560 00000138 T __swsetup_r
0011c698 000001b4 t quorem
0011c850 00001218 T _dtoa_r
0011da68 00000130 T strchr
0011db98 00000148 T _fclose_r
0011dce0 00000150 T memmove
0011de30 00000088 T _Balloc
0011deb8 0000001c T _Bfree
0011ded4 000000f4 T __multadd
0011dfc8 00000060 T __hi0bits
0011e028 0000009c T __lo0bits
0011e0c4 000000a4 T __i2b
0011e168 00000204 T __multiply
0011e36c 00000128 T __pow5mult
0011e494 00000140 T __lshift
0011e5d4 00000058 T __mcmp
0011e62c 000001fc T __mdiff
0011e828 00000124 T __d2b
0011e94c 000004b4 T __sfvwrite_r
0011ee00 000004a0 T _realloc_r
0011f2a0 000002f8 T __utf8_mbtowc
0011f598 00000188 T _wcsnrtombs_l
0011f720 00000064 T _wcsnrtombs_r
0011f784 0000005c T __assert_func
0011f7e0 0000003c T fiprintf
0011f81c 00000014 T abort
0011f830 00000090 T _raise_r
0011f8c0 00000018 T raise
0011f8d8 00000020 T _exit
0011f8f8 0000013c T chdir
0011fa34 000001cc T _concatenate_path
0011fc00 00000078 T _fstat_r
0011fc78 00000014 T _getpid_r
0011fc8c 0000002c T __getreent
0011fcb8 0000003c T __get_handle
0011fcf4 000000f4 T _close_r
0011fde8 00000008 t null_write
0011fdf0 00000018 T setDefaultDevice
0011fe08 000000c8 T FindDevice
0011fed0 00000028 T RemoveDevice
0011fef8 0000009c T AddDevice
0011ff94 00000020 T GetDeviceOpTab
0011ffb4 00000008 T _isatty_r
0011ffbc 00000014 T _kill_r
0011ffd0 00000084 T _lseek_r
00120054 00000080 T _read_r
001200d4 00000078 W _sbrk_r
0012014c 0000001c T __libc_lock_acquire
00120168 0000001c T __libc_lock_release
00120184 0000001c T __libc_lock_acquire_recursive
001201a0 0000001c T __libc_lock_release_recursive
001201bc 00000080 T _write_r
0012023c 00000048 T strrchr
00120284 T _fini
00121000 00000024 R gasData
00121024 00000040 r material
00121064 00013c80 r stop_vertex_list
00134ce4 00004800 r road_vertex_list
001394e4 00927cc0 r people_vertex_list
00a611b0 R vshader_shbin
00a613b8 R vshader_shbin_end
00a613b8 R vshader_shbin_size
00a613bc R people_t3x
00a71a65 R people_t3x_end
00a71a68 R road_t3x
00a8d345 R road_t3x_end
00a8d348 R stop_t3x
00adbb75 R stop_t3x_end
00adbb78 R tunnel1_t3x
00aff7cd R tunnel1_t3x_end
00aff94c r .LC2
00affa2c 00000004 r depthFmtSizes
00affa30 00000005 r colorFmtSizes
00affa38 00000038 r CSWTCH.19
00affa70 00000080 r dotab_stdout
00affaf0 00000018 r grayScale
00affb08 00000006 r colorCube
00affb10 00000030 r colorTable
00affb40 00000008 r morton_y.2
00affb48 00000008 r morton_x.3
00affb50 00000008 r s_sleepWakeEvents.4
00affb58 R default_font_bin
00b00358 R default_font_bin_end
00b00358 00000030 r error_table
00b00388 00000080 r archive_devoptab
00b00408 00000060 R __inv_pio4
00b00468 000000e0 R __sincosf_table
00b00548 00000080 r npio2_hw
00b005c8 00000318 r two_over_pi
00b008e0 00000080 r npio2_hw
00b00960 00000108 r two_over_pi
00b00a68 0000002c r PIo2
00b00a94 0000000c r init_jk
00b00aa0 00000040 r PIo2
00b00ae0 00000010 r init_jk
00b00b2c 00000010 r zeroes.0
00b00b3c 00000010 r blanks.1
00b00b4c 00000101 R _ctype_
00b00c50 00000010 r zeroes.0
00b00c60 00000010 r blanks.1
00b00c70 0000006c R __action_table
00b00cdc 0000006c R __state_table
00b00d48 00000100 R __chclass
00b00e48 0000000c r p05.0
00b00e58 00000028 R __mprec_bigtens
00b00e80 000000c8 R __mprec_tens
00b00f48 00000080 R dotab_stdnull
00b00fc8 R __tdata_align
00b00fcc r __EH_FRAME_BEGIN__
00b00fcc R __exidx_end
00b00fcc R __exidx_start
00b01000 00000004 d jumpZ
00b01004 00000004 d angleX
00b01008 00000004 d jumpY
00b0100c 00000008 d framerateCounter
00b01014 00000004 d framerate
00b01018 00000001 d firstConsoleInit.0
00b0101c 00000004 D currentConsole
00b01020 00000048 D defaultConsole
00b01068 00000004 d queueLock
00b0106c 00000004 d aptChainloadDeliverArgSize
00b01070 00000004 d kCount
00b01074 00000004 d kInterval
00b01078 00000004 d kDelay
00b0107c W __stacksize__
00b01080 00000004 D __malloc_sbrk_base
00b01084 00000004 D __malloc_trim_threshold
00b01088 00000408 D __malloc_av_
00b01490 0000000c D __sglue
00b0149c 0000016c D __global_locale
00b01608 00000004 D _impure_ptr
00b01610 00000120 D _impure_data
00b01730 00000400 d _current_working_directory
00b01b30 00001000 d handles
00b02b30 0000000c d __stderr_handle
00b02b3c 0000000c d __stdout_handle
00b02b48 0000000c d __stdin_handle
00b02b54 0000008c D devoptab_list
00b02be0 00000004 d defaultDevice
00b02bec d _GLOBAL_OFFSET_TABLE_
00b02bf8 d __frame_dummy_init_array_entry
00b02bf8 D __init_array_start
00b02bf8 B __preinit_array_end
00b02bf8 B __preinit_array_start
00b02bf8 D __tdata_lma
00b02bf8 D __tdata_lma_end
00b02bfc d __do_global_dtors_aux_fini_array_entry
00b02bfc D __fini_array_start
00b02bfc D __init_array_end
00b02c00 D __bss_start__
00b02c00 D __fini_array_end
00b02c00 00000004 b vshader_dvlb
00b02c04 00000014 b program
00b02c18 00000004 b uLoc_projection
00b02c1c 00000004 b uLoc_modelView
00b02c20 00000004 b uLoc_lightVec
00b02c24 00000004 b uLoc_lightHalfVec
00b02c28 00000004 b uLoc_lightClr
00b02c2c 00000004 b uLoc_material
00b02c30 00000040 b projection
00b02c70 00000004 b vbo_data
00b02c74 00000018 b road_tex
00b02c8c 00000018 b stop_tex
00b02ca4 00000018 b people_tex
00b02cbc 00000018 b tunnel_tex
00b02cd4 00000004 B initVy
00b02cd8 00000004 B gravity
00b02cdc 00000004 B jumpFlag
00b02ce0 00000004 B vy
00b02ce4 00000004 B limitPy
00b02ce8 00000004 b angleY
00b02cec 00000004 b vector
00b02cf0 00000004 b angleW
00b02cf4 00000004 b angleH
00b02cf8 b completed.1
00b02cfc b object.0
00b02d14 0000000c b hookCookie
00b02d20 000002d0 B __C3D_Context
00b02ff0 00000004 b frameEndCbData
00b02ff4 00000004 b frameEndCb
00b02ff8 00000008 b frameCounter
00b03000 00000001 b isTopStereo
00b03001 00000001 b needSwapBot
00b03002 00000001 b needSwapTop
00b03003 00000001 b measureGpuTime
00b03004 00000001 b inSafeTransfer
00b03005 00000001 b inFrame
00b03008 00000010 b cpuTime
00b03018 00000010 b gpuTime
00b03028 0000000c b linkedTarget
00b03034 00000004 b lastTarget
00b03038 00000004 b firstTarget
00b0303c 00000008 b C3Di_IVUnifEverDirty
00b03044 000000c0 b C3Di_FVUnifEverDirty
00b03104 00000018 b C3Di_ShaderFVecData
00b0311c 00000002 B C3D_BoolUnifsDirty
00b03120 00000008 B C3D_IVUnifDirty
00b03128 000000c0 B C3D_FVUnifDirty
00b031e8 00000004 B C3D_BoolUnifs
00b031ec 00000020 B C3D_IVUnif
00b0320c 00000c00 B C3D_FVUnif
00b03e10 00000008 b sLinearPool
00b03e18 0000000c b sAddrMap
00b03e28 00000008 b sVramPoolB
00b03e30 00000008 b sVramPoolA
00b03e38 0000000c b sAddrMap
00b03e44 0000001c b escapeSeq
00b03e60 00000048 B currentCopy
00b03ea8 00000004 b screenAlloc
00b03eac 00000004 b screenFree
00b03eb0 00000002 b gfxIsDoubleBuf
00b03eb4 00000002 b gfxCurBuf
00b03eb6 00000001 b gfxIsVram
00b03eb7 00000001 b gfxTopMode
00b03eb8 00000002 b gfxFramebufferFormats
00b03ebc 00000004 b gfxBottomFramebufferMaxSize
00b03ec0 00000004 b gfxTopFramebufferMaxSize
00b03ec8 00000008 b gfxBottomFramebuffers
00b03ed0 00000008 b gfxTopFramebuffers
00b03ed8 00000001 V __ctru_speedup
00b03edc 00000004 B gpuCmdBufOffset
00b03ee0 00000004 B gpuCmdBufSize
00b03ee4 00000004 B gpuCmdBuf
00b03ee8 00000004 b boundQueue
00b03eec 00000001 b shouldStop
00b03eed 00000001 b isRunning
00b03eee 00000001 b isActive
00b03ef0 00000004 b curQueue
00b03ef4 00000001 b flagValue.0
00b03ef5 00000001 b flagInit.1
00b03ef8 00000004 b serviceName.6
00b03efc 00000001 b aptChainloadFlags
00b03efd 00000001 b aptChainloadMediatype
00b03f00 00000020 b aptChainloadHmac
00b03f20 00000300 b aptChainloadDeliverArg
00b04220 00000008 b aptChainloadTid
00b04228 00001000 b aptParameters
00b05228 00000004 b aptFlags
00b0522c 00000001 b aptHomeButtonState
00b05230 00000004 b aptMessageFuncData
00b05234 00000004 b aptMessageFunc
00b05238 0000000c b aptFirstHook
00b05244 00000001 b aptEventHandlerThreadQuit
00b05248 00000004 b aptEventHandlerThread
00b0524c 00000008 b aptSleepEvent
00b05254 00000008 b aptReceiveEvent
00b0525c 00000008 b aptEvents
00b05264 00000004 b aptLockHandle
00b05268 00000004 b aptRefCount
00b0526c 00000007 b gspEventCbOneShot
00b05274 0000001c b gspEventCbData
00b05290 0000001c b gspEventCb
00b052ac 00000038 b gspEvents
00b052e4 00000004 b gspLastEvent
00b052e8 00000001 b gspRunEvents
00b052ec 00000004 b gspEventThread
00b052f0 00000004 b gspEvent
00b052f4 00000001 b gspGpuRight
00b052f5 00000001 b gspThreadId
00b052f8 00000004 b gspSharedMem
00b052fc 00000004 b gspSharedMemHandle
00b05300 00000004 b gspRefCount
00b05304 00000004 b gspGpuHandle
00b05308 00000001 b usingIrrst
00b0530c 00000004 b hidRefCount
00b05310 00000006 b gRate
00b05318 00000006 b aVec
00b05320 00000004 b cPos
00b05324 00000004 b tPos
00b05328 00000004 b kRepeat
00b0532c 00000004 b kUp
00b05330 00000004 b kDown
00b05334 00000004 b kHeld
00b05338 00000004 b kOld
00b0533c 00000004 B hidSharedMem
00b05340 00000014 B hidEvents
00b05354 00000004 B hidMemHandle
00b05358 00000004 B hidHandle
00b0535c 00000004 b irrstRefCount
00b05360 00000004 b csPos
00b05364 00000004 b kHeld
00b05368 00000004 B irrstSharedMem
00b0536c 00000004 B irrstEvent
00b05370 00000004 B irrstMemHandle
00b05374 00000004 B irrstHandle
00b05378 00000004 b ptmSysmRefCount
00b0537c 00000004 b ptmSysmHandle
00b05380 00000004 V __ctru_linear_heap_size
00b05384 00000004 V __ctru_heap_size
00b05388 00000004 B __ctru_linear_heap
00b0538c 00000004 B __ctru_heap
00b05390 00000004 B __system_retAddr
00b05394 00000004 B __system_argv
00b05398 00000004 B __system_argc
00b0539c b saved_stack
00b053a4 00000004 B __3dslink_host
00b053a8 00000004 b srvRefCount
00b053ac 00000004 b srvHandle
00b053b0 00000004 b arbiter
00b053b4 00000004 b currentAddr
00b053b8 00000004 b maxAddr
00b053bc 00000004 b minAddr
00b053c0 00000004 b srvPmHandle
00b053c8 000005c0 b archive_devices
00b05988 00000004 b archive_device_cwd
00b0598c 00000001 b archive_initialized
00b05990 00000080 b fsExemptArchives
00b05a10 00000004 b fsuRefCount
00b05a14 00000004 b fsuHandle
00b05a18 00000028 B __malloc_current_mallinfo
00b05a40 00000004 B __malloc_max_total_mem
00b05a44 00000004 B __malloc_max_sbrked_mem
00b05a48 00000004 B __malloc_top_pad
00b05a4c 0000000c b __malloc_recursive_mutex
00b05a58 0000000c b __sfp_recursive_mutex
00b05a68 00000168 B __sf
00b05bd0 00000004 B __stdio_exit_handler
00b05bd4 00000400 b temp_cwd
00b05fd4 00000004 b __hndl_lock
00b05fd8 00000004 B fake_heap_start
00b05fdc 00000004 B fake_heap_end
00b05fe0 00000004 b heap_start.0
00b05fe4 B __tls_start
00b06bec B __bss_end__
00b06bec A __end__
00b06bec B __tls_end
