         w __deregister_frame_info
         w __register_frame_info
         w userAppExit
         w userAppInit
00000000 00000802 B __ctru_dev_utf16_buf
00000000 b _TLS_MODULE_BASE_
00000000 a shift
00000000 a shift
00000804 00000401 B __ctru_dev_path_buf
00100000 A __start__
00100000 T _start
00100008 T __service_ptr
0010000c T __apt_appid
00100010 T __heap_size
00100014 T __linear_heap_size
00100018 T __system_arglist
0010001c T __system_runflags
00100020 t startup
00100058 t ClearMem
0010006c t ClrLoop
00100094 T _init
001000ac T __aeabi_idiv
001000ac 00000220 T __divsi3
001000b4 t .divsi3_skip_div0_test
001002cc 00000020 T __aeabi_idivmod
001002ec 00000004 W __aeabi_idiv0
001002ec 00000004 W __aeabi_ldiv0
001002f0 T __aeabi_drsub
001002f8 000002b0 T __aeabi_dsub
001002f8 000002b0 T __subdf3
001002fc 000002ac T __adddf3
001002fc 000002ac T __aeabi_dadd
001005a8 00000024 T __aeabi_ui2d
001005a8 00000024 T __floatunsidf
001005cc 00000028 T __aeabi_i2d
001005cc 00000028 T __floatsidf
001005f4 00000048 T __aeabi_f2d
001005f4 00000048 T __extendsfdf2
0010063c 00000074 T __aeabi_ul2d
0010063c 00000074 T __floatundidf
00100650 00000060 T __aeabi_l2d
00100650 00000060 T __floatdidf
001006b0 T __aeabi_uldivmod
00100708 00000390 T strcmp
00100a90 t .udivsi3_skip_div0_test
00100a90 T __aeabi_uidiv
00100a90 000001ec T __udivsi3
00100c7c 00000020 T __aeabi_uidivmod
00100c9c t __do_global_dtors_aux
00100cdc t frame_dummy
00100d08 00000040 t loadTextureFromMem.constprop.0
00100d48 000003a8 t sceneRender
001010f0 00000968 T main
00101a58 00000028 T AttrInfo_Init
00101a80 00000094 T AttrInfo_AddLoader
00101b14 00000020 T C3D_GetAttrInfo
00101b34 00000080 T C3Di_AttrInfoBind
00101bb4 00000004 W C3Di_LightEnvUpdate
00101bb8 00000004 W C3Di_LightEnvDirty
00101bbc 00000004 W C3Di_ProcTexUpdate
00101bc0 00000004 W C3Di_ProcTexDirty
00101bc4 000000b4 t C3Di_AptEventHook
00101c78 00000004 W C3Di_GasUpdate
00101c7c 000001d0 T C3D_Init
00101e4c 00000098 T C3D_SetViewport
00101ee4 000004e8 T C3Di_UpdateContext
001023cc 000000e0 T C3Di_SplitFrame
001024ac 00000044 T C3D_Fini
001024f0 00000194 T C3D_BindProgram
00102684 00000024 T BufInfo_Init
001026a8 00000080 T BufInfo_Add
00102728 00000020 T C3D_GetBufInfo
00102748 00000048 T C3Di_BufInfoBind
00102790 00000148 T C3D_DrawArrays
001028d8 00000040 T C3D_DepthMap
00102918 0000001c T C3D_CullFace
00102934 00000040 T C3D_StencilTest
00102974 00000024 T C3D_StencilOp
00102998 0000001c T C3D_BlendingColor
001029b4 00000024 T C3D_EarlyDepthTest
001029d8 0000002c T C3D_DepthTest
00102a04 0000002c T C3D_AlphaTest
00102a30 00000050 T C3D_AlphaBlend
00102a80 00000030 T C3D_FragOpMode
00102ab0 00000044 T C3D_FragOpShadow
00102af4 000001ac T C3Di_EffectBind
00102ca0 0000001c T C3D_CalcColorBufSize
00102cbc 0000001c T C3D_CalcDepthBufSize
00102cd8 00000044 T C3D_SetFrameBuf
00102d1c 0000016c T C3Di_FrameBufBind
00102e88 000000c8 T C3D_FrameBufClear
00102f50 00000044 T C3D_FrameBufTransfer
00102f94 000000a8 T C3D_ImmSendAttrib
0010303c 0000004c t onVBlank0
00103088 0000004c t onVBlank1
001030d4 00000080 t C3Di_RenderTargetDestroy
00103154 000000f4 t onQueueFinish
00103248 00000038 T C3Di_RenderQueueEnableVBlank
00103280 00000030 T C3Di_RenderQueueDisableVBlank
001032b0 00000060 T C3Di_RenderQueueInit
00103310 000000b4 T C3Di_RenderQueueExit
001033c4 00000034 T C3Di_RenderQueueWaitDone
001033f8 000000e8 T C3D_FrameBegin
001034e0 00000048 T C3D_FrameDrawOn
00103528 000001d0 T C3D_FrameEnd
001036f8 00000170 T C3D_RenderTargetCreate
00103868 000000a8 T C3D_RenderTargetSetOutput
00103910 000000fc T C3D_SyncTextureCopy
00103a0c 000003d8 t Tex3DSi_ImportCommon
00103de4 00000034 T Tex3DS_TextureImport
00103e18 00000004 T Tex3DS_TextureFree
00103e1c 00000034 T C3D_GetTexEnv
00103e50 00000024 T C3Di_TexEnvBind
00103e74 00000290 T C3D_TexInitWithParams
00104104 000000c8 T C3D_TexLoadImage
001041cc 00000044 T C3D_TexBind
00104210 00000074 T C3D_TexDelete
00104284 0000014c T C3Di_SetTex
001043d0 00000290 T C3D_UpdateUniforms
00104660 000000c0 T C3Di_DirtyUniforms
00104720 000000d8 T C3Di_LoadShaderUniforms
001047f8 00000028 T C3Di_ClearShaderUniforms
00104820 0000012c T Mtx_LookAt
0010494c 00000094 T Mtx_PerspTilt
001049e0 000000a4 T Mtx_RotateX
00104a84 000000a0 T Mtx_RotateY
00104b24 000000a4 T Mtx_Translate
00104bc8 00000024 t addrMapNodeComparator(rbtree_node const*, rbtree_node const*)
00104bec 00000004 t addrMapNodeDestructor(rbtree_node*)
00104bf0 00000120 T linearMemAlign
00104d10 00000008 T linearAlloc
00104d18 0000005c T linearFree
00104d74 00000080 T MemPool::CoalesceRight(MemBlock*)
00104df4 0000016c T MemPool::Allocate(MemChunk&, unsigned long, int)
00104f60 000000fc T MemPool::Deallocate(MemChunk const&)
0010505c 00000030 T MemPool::GetFreeSpace()
0010508c 00000024 t addrMapNodeComparator(rbtree_node const*, rbtree_node const*)
001050b0 00000004 t addrMapNodeDestructor(rbtree_node*)
001050b4 0000024c T vramMemAlignAt
00105300 0000000c T vramAlloc
0010530c 0000000c T vramAllocAt
00105318 00000090 T vramFree
001053a8 0000051c t consoleHandleColorEsc
001058c4 000000b8 t consoleColorStateShift
0010597c 000001ac T consoleDrawChar
00105b28 00000124 T consolePrintChar
00105c4c 000006f4 T con_write
00106340 000000fc t newRow
0010643c 0000018c T consoleInit
001065c8 000000b8 T consoleClear
00106680 000000d0 t gfxPresentFramebuffer
00106750 0000001c T gfxIsWide
0010676c 000000ec T gfxSetScreenFormat
00106858 00000010 T gfxSetDoubleBuffering
00106868 000000e0 T gfxInit
00106948 00000010 T gfxInitDefault
00106958 000000b4 T gfxExit
00106a0c 000000a0 T gfxGetFramebuffer
00106aac 00000104 T gfxFlushBuffers
00106bb0 00000030 T gfxScreenSwapBuffers
00106be0 00000050 T gfxSwapBuffersGpu
00106c30 00000074 T osConvertVirtToPhys
00106ca4 00000034 T __ctru_speedup_config
00106cd8 0000013c T GPUCMD_Add
00106e14 000000b0 T GPUCMD_Split
00106ec4 00000034 T f32tof16
00106ef8 00000034 T f32tof24
00106f2c 00000038 T f32tof31
00106f64 00000010 T GX_BindQueue
00106f74 00000078 T GX_ProcessCommandList
00106fec 00000074 T GX_MemoryFill
00107060 00000070 T GX_DisplayTransfer
001070d0 00000074 T GX_TextureCopy
00107144 00000068 t gxCmdQueueDoCommands.part.0
001071ac 000000c8 T gxCmdQueueInterrupt
00107274 0000004c T gxCmdQueueClear
001072c0 000000f8 T gxCmdQueueAdd
001073b8 00000080 T gxCmdQueueRun
00107438 00000060 T gxCmdQueueStop
00107498 0000008c T gxCmdQueueWait
00107524 000001d0 T shaderInstanceInit
001076f4 00000018 T shaderInstanceGetUniformLocation
0010770c 0000001c T shaderProgramInit
00107728 00000064 T shaderProgramFree
0010778c 00000080 T shaderProgramSetVsh
0010780c 000008e0 T shaderProgramConfigure
001080ec 000001cc t DVLE_GenerateOutmap.part.0
001082b8 000001b4 T DVLB_ParseFile
0010846c 00000038 T DVLB_Free
001084a4 00000074 T DVLE_GetUniformRegister
00108518 000001ac t aptConvertScreenForCapture
001086c4 00000008 W aptDspSleep
001086cc 00000004 W aptDspWakeup
001086d0 00000004 W aptDspCancel
001086d4 00000158 T aptSendCommand
00108830 00000044 t aptExitProcess
00108874 0000038c T aptExit
00108c00 000000e0 T aptHandleSleep
00108ce0 00000030 T aptHook
00108d10 00000030 T aptUnhook
00108d40 00000084 T APT_SleepIfShellClosed
00108dc4 00000084 T aptSetSleepAllowed
00108e48 00000084 T APT_UnlockTransition
00108ed0 000004a4 t aptEventHandler
00109374 000000b0 T APT_ReceiveParameter
00109424 000000ac t aptReceiveParameter.constprop.0
001094d0 000002ac t aptScreenTransfer
0010977c 00000320 t aptWaitForWakeUp.isra.0
00109a9c 000000f8 T aptJumpToHomeMenu
00109b94 00000048 T aptMainLoop
00109bdc 0000022c T aptInit
00109e08 0000007c T APT_CheckNew3DS
00109e84 00000c64 t gspHardwareInit
0010aae8 00000248 T gspInit
0010ad30 000000f0 T gspExit
0010ae20 00000010 T gspHasGpuRight
0010ae30 000000a0 T gspPresentBuffer
0010aed0 00000030 T gspSetEventCallback
0010af00 00000044 T gspWaitForEvent
0010af44 0000004c T gspWaitForAnyEvent
0010af90 00000158 t gspEventThreadMain
0010b0e8 00000130 T gspSubmitGxCommand
0010b218 00000050 T GSPGPU_FlushDataCache
0010b268 00000034 T GSPGPU_SetLcdForceBlack
0010b29c 00000068 T GSPGPU_AcquireRight
0010b304 00000048 T GSPGPU_ReleaseRight
0010b34c 0000007c T GSPGPU_ImportDisplayCaptureInfo
0010b3c8 0000002c T GSPGPU_SaveVramSysArea
0010b3f4 0000002c T GSPGPU_RestoreVramSysArea
0010b420 00000024 W hidShouldUseIrrst
0010b444 0000018c T hidInit
0010b5d0 000000e8 T hidExit
0010b6b8 000002a4 T hidScanInput
0010b95c 00000010 T hidKeysHeld
0010b96c 00000010 T hidKeysDown
0010b97c 00000010 T hidKeysUp
0010b98c 00000160 T irrstInit
0010baec 000000cc T irrstExit
0010bbb8 000000b4 T irrstScanInput
0010bc6c 00000024 T irrstKeysHeld
0010bc90 00000074 T ptmSysmInit
0010bd04 0000003c T ptmSysmExit
0010bd40 00000034 T PTMSYSM_ConfigureNew3DSCPU
0010bd74 000000c4 t buffer_read
0010be38 000000cc t iov_read
0010bf04 00000148 t iov_memmove
0010c04c 000001dc t decompress_rle
0010c228 00000244 t decompress_lzss
0010c46c 00000428 t decompress_lz11
0010c894 000002d4 t decompress_huff
0010cb68 000000dc T decompressHeader
0010cc44 00000240 T decompressV
0010ce84 00000074 T rbtree_find
0010cef8 00000010 T rbtree_init
0010cf08 000001b0 t do_insert
0010d0b8 00000008 T rbtree_insert
0010d0c0 00000318 T rbtree_remove
0010d3d8 00000090 T rbtree_rotate
0010d468 000001e0 W __system_allocateHeaps
0010d648 00000038 W __libctru_init
0010d680 00000170 W __system_initArgv
0010d7f0 00000030 T __syscall_getreent
0010d820 00000004 T __syscall_lock_acquire
0010d824 00000004 T __syscall_lock_release
0010d828 00000004 T __syscall_lock_acquire_recursive
0010d82c 00000004 T __syscall_lock_release_recursive
0010d830 00000004 T __syscall_exit
0010d834 00000050 T initThreadVars
0010d884 00000080 T __system_initSyscalls
0010d904 T svcControlMemory
0010d924 T svcQueryMemory
0010d954 T svcExitProcess
0010d95c T svcCreateThread
0010d97c T svcExitThread
0010d984 T svcSleepThread
0010d98c T svcReleaseMutex
0010d994 T svcCreateEvent
0010d9a8 T svcSignalEvent
0010d9b0 T svcClearEvent
0010d9b8 T svcMapMemoryBlock
0010d9c0 T svcUnmapMemoryBlock
0010d9c8 T svcCreateAddressArbiter
0010d9dc T svcArbitrateAddressNoTimeout
0010d9e4 T svcCloseHandle
0010d9ec T svcWaitSynchronization
0010d9f4 T svcWaitSynchronizationN
0010da1c T svcDuplicateHandle
0010da30 T svcGetSystemTick
0010da38 T svcConnectToPort
0010da4c T svcSendSyncRequest
0010da54 T svcGetResourceLimit
0010da68 T svcGetResourceLimitLimitValues
0010da70 T svcGetResourceLimitCurrentValues
0010da78 T svcBreak
0010da80 W initSystem
0010dad0 W __ctru_exit
0010dae4 00000084 W envGetHandle
0010db68 00000050 W envDestroyHandles
0010dbb8 0000012c T srvInit
0010dce4 00000058 T srvExit
0010dd3c 00000060 T srvEnableNotification
0010dd9c 000000a0 T srvGetServiceHandleDirect
0010de3c 00000038 T srvGetServiceHandle
0010de74 00000034 T srvSubscribe
0010dea8 00000060 T srvReceiveNotification
0010df08 00000038 T srvPublishToSubscriber
0010df40 0000000c T __sync_init
0010df4c 00000018 T __sync_fini
0010df64 0000002c T syncArbitrateAddress
0010df90 000000ac T LightLock_Lock
0010e03c 00000040 T LightLock_Unlock
0010e07c 00000030 T RecursiveLock_Lock
0010e0ac 00000054 T RecursiveLock_Unlock
0010e100 00000040 T LightEvent_Init
0010e140 000000a4 T LightEvent_Clear
0010e1e4 000000c8 T LightEvent_Signal
0010e2ac 00000050 T LightEvent_TryWait
0010e2fc 000000a0 T LightEvent_Wait
0010e39c 000001d8 T threadCreate
0010e574 0000002c T threadFree
0010e5a0 00000024 T threadJoin
0010e5c4 00000030 T threadGetCurrent
0010e5f4 00000040 T threadExit
0010e634 00000020 t _thread_begin
0010e654 000000b4 t mappableFindAddressWithin
0010e708 00000028 T mappableInit
0010e730 00000080 T mappableAlloc
0010e7b0 00000004 T mappableFree
0010e7b4 0000000c T srvPmGetSessionHandle
0010e7c0 0000005c T rbtree_node_next
0010e81c 00000030 W __appExit
0010e84c 00000030 W __appInit
0010e87c 00000090 W __libctru_exit
0010e90c 00000014 t archive_link
0010e920 00000014 t archive_dirreset
0010e934 00000014 t archive_chmod
0010e948 00000024 t error_cmp
0010e96c 00000050 t archive_translate_error
0010e9bc 000000c8 t archive_seek
0010ea84 0000007c t _archiveInit.part.0
0010eb00 000000c4 t archiveFindDevice.part.0
0010ebc4 00000280 t archive_utf16path
0010ee44 0000009c t _archiveUnmountDeviceStruct.part.0
0010eee0 00000014 t archive_fchmod
0010eef4 00000014 t archive_statvfs
0010ef08 00000164 t _archiveMountDevice
0010f06c 000000e8 t archive_diropen
0010f154 000000a4 t archive_fstat
0010f1f8 0000006c t archive_fsync
0010f264 0000006c t archive_close
0010f2d0 00000070 t archive_dirclose
0010f340 000000e8 t sdmc_statvfs
0010f428 000000ec t archive_chdir
0010f514 0000007c t archive_ftruncate
0010f590 000000ac t archive_read
0010f63c 000000a4 t archive_unlink
0010f6e0 000000bc t archive_rmdir
0010f79c 000000dc t archive_mkdir
0010f878 00000194 t archive_stat
0010fa0c 00000160 t archive_dirnext
0010fb6c 00000124 t archive_write
0010fc90 0000020c t archive_open
0010fe9c 00000278 t archive_rename
00110114 0000019c T archiveMountSdmc
001102b0 00000054 T archiveUnmountAll
00110304 000000cc T fsInit
001103d0 0000003c T fsExit
0011040c 00000060 T fsExemptFromSession
0011046c 00000050 T fsUnexemptFromSession
001104bc 000000cc T FSUSER_OpenFile
00110588 000000bc T FSUSER_DeleteFile
00110644 000000f8 T FSUSER_RenameFile
0011073c 000000bc T FSUSER_DeleteDirectory
001107f8 000000d4 T FSUSER_CreateFile
001108cc 000000c4 T FSUSER_CreateDirectory
00110990 000000f8 T FSUSER_RenameDirectory
00110a88 000000b4 T FSUSER_OpenDirectory
00110b3c 00000094 T FSUSER_OpenArchive
00110bd0 0000008c T FSUSER_CloseArchive
00110c5c 00000074 T FSUSER_GetSdmcArchiveResource
00110cd0 00000064 T FSUSER_IsSdmcWritable
00110d34 00000058 T FSFILE_Read
00110d8c 00000060 T FSFILE_Write
00110dec 00000038 T FSFILE_GetSize
00110e24 00000028 T FSFILE_SetSize
00110e4c 0000003c T FSFILE_Close
00110e88 00000024 T FSFILE_Flush
00110eac 00000050 T FSDIR_Read
00110efc 0000003c T FSDIR_Close
00110f38 0000013c T decode_utf8
00111074 000000e8 T utf16_to_utf8
0011115c 000000c0 T utf8_to_utf16
0011121c T __aeabi_read_tp
00111228 00000064 T decode_utf16
0011128c 00000054 T encode_utf16
001112e0 000000e0 T encode_utf8
001113c0 00000070 T tanf
00111430 00000244 T sinf
00111678 0000022c T cosf
001118a4 00000024 t with_errnof
001118c8 0000001c T __math_invalidf
001118e8 000000c8 T sin
001119b0 000000c0 T cos
00111a70 00000208 T __kernel_tanf
00111c78 000002c8 T __ieee754_rem_pio2f
00111f40 00000158 T __kernel_cos
00112098 000000c0 T __kernel_sin
00112158 00000010 T fabsf
00112168 00000308 T __ieee754_rem_pio2
00112470 00000014 T fabs
00112484 00000844 T __kernel_rem_pio2f
00112cc8 000000c0 T floorf
00112d88 00000870 T __kernel_rem_pio2
001135f8 00000140 T scalbn
00113738 0000012c T scalbnf
00113868 00000144 T floor
001139ac 00000120 T __udivmoddi4
00113acc 00000034 T printf
00113b00 00000020 T memalign
00113b20 0000014c T _memalign_r
00113c6c 00000078 T bsearch
00113ce4 00000020 T calloc
00113d04 000000c0 T _calloc_r
00113dc4 0000025c T setvbuf
00114020 00000004 W __call_exitprocs
00114024 00000030 T exit
00114054 000000f8 T _malloc_trim_r
0011414c 000002e8 T _free_r
00114434 00000018 T malloc
0011444c 00000018 T free
00114464 0000079c T _malloc_r
00114c00 000000f4 T memset
00114cf4 0000000c T __malloc_lock
00114d00 0000000c T __malloc_unlock
00114d0c 0000064c t get_arg
00115358 00003378 T _vfprintf_r
001186d0 000000b8 t __sbprintf
00118788 00000090 T strlen
00118818 0000022c T __sflush_r
00118a44 00000094 T _fflush_r
00118ad8 000000e4 T strncat
00118bbc 000000e4 T strncmp
00118ca0 00000070 T _fwalk_sglue
00118d10 000000c4 T strncpy
00118dd4 0000001c t stdio_exit_handler
00118df0 0000005c t cleanup_stdio
00118e4c 00000154 t global_stdio_init.part.0
00118fa0 0000005c T __sinit
00118ffc 0000000c T __sfp_lock_acquire
00119008 0000000c T __sfp_lock_release
00119014 00000048 T strnlen
0011905c 000001d8 t _strtoul_l.isra.0
00119234 00000034 T strtoul
00119268 00000024 T __locale_mb_cur_max
0011928c 00000024 T _localeconv_r
001192b0 000000e0 T memchr
00119390 000000f0 T __utf8_wctomb
00119480 0000011c T memcpy
0011959c 00000084 T __libc_init_array
00119620 0000003c T __libc_fini_array
0011965c 0000000c T __errno
00119668 00000088 T frexp
001196f0 0000012c T __smakebuf_r
0011981c 0000008c T __swhatbuf_r
001198a8 000000a0 T _wcrtomb_r
00119948 00000028 T _wcsrtombs_r
00119970 00000044 T __sread
001199b4 00000068 T __swrite
00119a1c 00000044 T __sseek
00119a60 00000008 T __sclose
00119a68 0000064c t get_arg
0011a0b4 00000030 T __sprint_r
0011a0e4 00002304 T _vfiprintf_r
0011c3e8 000000b8 t __sbprintf
0011c4a0 00000138 T __swsetup_r
0011c5d8 000001b4 t quorem
0011c790 00001218 T _dtoa_r
0011d9a8 00000130 T strchr
0011dad8 00000148 T _fclose_r
0011dc20 00000150 T memmove
0011dd70 00000088 T _Balloc
0011ddf8 0000001c T _Bfree
0011de14 000000f4 T __multadd
0011df08 00000060 T __hi0bits
0011df68 0000009c T __lo0bits
0011e004 000000a4 T __i2b
0011e0a8 00000204 T __multiply
0011e2ac 00000128 T __pow5mult
0011e3d4 00000140 T __lshift
0011e514 00000058 T __mcmp
0011e56c 000001fc T __mdiff
0011e768 00000124 T __d2b
0011e88c 000004b4 T __sfvwrite_r
0011ed40 000004a0 T _realloc_r
0011f1e0 000002f8 T __utf8_mbtowc
0011f4d8 00000188 T _wcsnrtombs_l
0011f660 00000064 T _wcsnrtombs_r
0011f6c4 0000005c T __assert_func
0011f720 0000003c T fiprintf
0011f75c 00000014 T abort
0011f770 00000090 T _raise_r
0011f800 00000018 T raise
0011f818 00000020 T _exit
0011f838 0000013c T chdir
0011f974 000001cc T _concatenate_path
0011fb40 00000078 T _fstat_r
0011fbb8 00000014 T _getpid_r
0011fbcc 0000002c T __getreent
0011fbf8 0000003c T __get_handle
0011fc34 000000f4 T _close_r
0011fd28 00000008 t null_write
0011fd30 00000018 T setDefaultDevice
0011fd48 000000c8 T FindDevice
0011fe10 00000028 T RemoveDevice
0011fe38 0000009c T AddDevice
0011fed4 00000020 T GetDeviceOpTab
0011fef4 00000008 T _isatty_r
0011fefc 00000014 T _kill_r
0011ff10 00000084 T _lseek_r
0011ff94 00000080 T _read_r
00120014 00000078 W _sbrk_r
0012008c 0000001c T __libc_lock_acquire
001200a8 0000001c T __libc_lock_release
001200c4 0000001c T __libc_lock_acquire_recursive
001200e0 0000001c T __libc_lock_release_recursive
001200fc 00000080 T _write_r
0012017c 00000048 T strrchr
001201c4 T _fini
00121000 00000040 r material
00121040 00000024 R gasData
00121064 00018480 r tvStand_vertex_list
001394e4 00008820 r tvDisplay_vertex_list
00141d04 00061940 r tvBase_vertex_list
001a3644 00013c80 r stop_vertex_list
001b72c4 00004800 r road_vertex_list
001bbac4 00927cc0 r people_vertex_list
00ae3790 R vshader_shbin
00ae3998 R vshader_shbin_end
00ae3998 R vshader_shbin_size
00ae399c R people_t3x
00af4045 R people_t3x_end
00af4048 R road_t3x
00b0f925 R road_t3x_end
00b0f928 R stop_t3x
00b5e155 R stop_t3x_end
00b5e158 R tvBase_t3x
00b7ce65 R tvBase_t3x_end
00b7ce68 R tvDisplay_t3x
00b7da4d R tvDisplay_t3x_end
00b7da50 R tvStand_t3x
00b874ad R tvStand_t3x_end
00b8762c r .LC2
00b8770c 00000004 r depthFmtSizes
00b87710 00000005 r colorFmtSizes
00b87718 00000038 r CSWTCH.19
00b87750 00000080 r dotab_stdout
00b877d0 00000018 r grayScale
00b877e8 00000006 r colorCube
00b877f0 00000030 r colorTable
00b87820 00000008 r morton_y.2
00b87828 00000008 r morton_x.3
00b87830 00000008 r s_sleepWakeEvents.4
00b87838 R default_font_bin
00b88038 R default_font_bin_end
00b88038 00000030 r error_table
00b88068 00000080 r archive_devoptab
00b880e8 00000060 R __inv_pio4
00b88148 000000e0 R __sincosf_table
00b88228 00000080 r npio2_hw
00b882a8 00000318 r two_over_pi
00b885c0 00000080 r npio2_hw
00b88640 00000108 r two_over_pi
00b88748 0000002c r PIo2
00b88774 0000000c r init_jk
00b88780 00000040 r PIo2
00b887c0 00000010 r init_jk
00b8880c 00000010 r zeroes.0
00b8881c 00000010 r blanks.1
00b8882c 00000101 R _ctype_
00b88930 00000010 r zeroes.0
00b88940 00000010 r blanks.1
00b88950 0000006c R __action_table
00b889bc 0000006c R __state_table
00b88a28 00000100 R __chclass
00b88b28 0000000c r p05.0
00b88b38 00000028 R __mprec_bigtens
00b88b60 000000c8 R __mprec_tens
00b88c28 00000080 R dotab_stdnull
00b88ca8 R __tdata_align
00b88cac r __EH_FRAME_BEGIN__
00b88cac R __exidx_end
00b88cac R __exidx_start
00b89000 00000004 d jumpZ
00b89004 00000004 d jumpY
00b89008 00000004 d angleX
00b8900c 00000008 d framerateCounter
00b89014 00000004 d framerate
00b89018 00000001 d firstConsoleInit.0
00b8901c 00000004 D currentConsole
00b89020 00000048 D defaultConsole
00b89068 00000004 d queueLock
00b8906c 00000004 d aptChainloadDeliverArgSize
00b89070 00000004 d kCount
00b89074 00000004 d kInterval
00b89078 00000004 d kDelay
00b8907c W __stacksize__
00b89080 00000004 D __malloc_sbrk_base
00b89084 00000004 D __malloc_trim_threshold
00b89088 00000408 D __malloc_av_
00b89490 0000000c D __sglue
00b8949c 0000016c D __global_locale
00b89608 00000004 D _impure_ptr
00b89610 00000120 D _impure_data
00b89730 00000400 d _current_working_directory
00b89b30 00001000 d handles
00b8ab30 0000000c d __stderr_handle
00b8ab3c 0000000c d __stdout_handle
00b8ab48 0000000c d __stdin_handle
00b8ab54 0000008c D devoptab_list
00b8abe0 00000004 d defaultDevice
00b8abec d _GLOBAL_OFFSET_TABLE_
00b8abf8 d __frame_dummy_init_array_entry
00b8abf8 D __init_array_start
00b8abf8 B __preinit_array_end
00b8abf8 B __preinit_array_start
00b8abf8 D __tdata_lma
00b8abf8 D __tdata_lma_end
00b8abfc d __do_global_dtors_aux_fini_array_entry
00b8abfc D __fini_array_start
00b8abfc D __init_array_end
00b8ac00 D __bss_start__
00b8ac00 D __fini_array_end
00b8ac00 00000004 b angleW
00b8ac04 00000004 b angleH
00b8ac08 00000004 b angleY
00b8ac0c 00000004 b uLoc_projection
00b8ac10 00000040 b projection
00b8ac50 00000004 b uLoc_modelView
00b8ac54 00000004 b uLoc_material
00b8ac58 00000004 b uLoc_lightVec
00b8ac5c 00000004 b uLoc_lightHalfVec
00b8ac60 00000004 b uLoc_lightClr
00b8ac64 00000018 b road_tex
00b8ac7c 00000018 b stop_tex
00b8ac94 00000018 b people_tex
00b8acac 00000018 b tvBase_tex
00b8acc4 00000018 b tvDisplay_tex
00b8acdc 00000018 b tvStand_tex
00b8acf4 00000004 b vshader_dvlb
00b8acf8 00000014 b program
00b8ad0c 00000004 b vbo_data
00b8ad10 00000004 B initVy
00b8ad14 00000004 B gravity
00b8ad18 00000004 B jumpFlag
00b8ad1c 00000004 B vy
00b8ad20 00000004 B limitPy
00b8ad24 00000004 b vector
00b8ad28 b completed.1
00b8ad2c b object.0
00b8ad44 0000000c b hookCookie
00b8ad50 000002d0 B __C3D_Context
00b8b020 00000004 b frameEndCbData
00b8b024 00000004 b frameEndCb
00b8b028 00000008 b frameCounter
00b8b030 00000001 b isTopStereo
00b8b031 00000001 b needSwapBot
00b8b032 00000001 b needSwapTop
00b8b033 00000001 b measureGpuTime
00b8b034 00000001 b inSafeTransfer
00b8b035 00000001 b inFrame
00b8b038 00000010 b cpuTime
00b8b048 00000010 b gpuTime
00b8b058 0000000c b linkedTarget
00b8b064 00000004 b lastTarget
00b8b068 00000004 b firstTarget
00b8b06c 00000008 b C3Di_IVUnifEverDirty
00b8b074 000000c0 b C3Di_FVUnifEverDirty
00b8b134 00000018 b C3Di_ShaderFVecData
00b8b14c 00000002 B C3D_BoolUnifsDirty
00b8b150 00000008 B C3D_IVUnifDirty
00b8b158 000000c0 B C3D_FVUnifDirty
00b8b218 00000004 B C3D_BoolUnifs
00b8b21c 00000020 B C3D_IVUnif
00b8b23c 00000c00 B C3D_FVUnif
00b8be40 00000008 b sLinearPool
00b8be48 0000000c b sAddrMap
00b8be58 00000008 b sVramPoolB
00b8be60 00000008 b sVramPoolA
00b8be68 0000000c b sAddrMap
00b8be74 0000001c b escapeSeq
00b8be90 00000048 B currentCopy
00b8bed8 00000004 b screenAlloc
00b8bedc 00000004 b screenFree
00b8bee0 00000002 b gfxIsDoubleBuf
00b8bee4 00000002 b gfxCurBuf
00b8bee6 00000001 b gfxIsVram
00b8bee7 00000001 b gfxTopMode
00b8bee8 00000002 b gfxFramebufferFormats
00b8beec 00000004 b gfxBottomFramebufferMaxSize
00b8bef0 00000004 b gfxTopFramebufferMaxSize
00b8bef8 00000008 b gfxBottomFramebuffers
00b8bf00 00000008 b gfxTopFramebuffers
00b8bf08 00000001 V __ctru_speedup
00b8bf0c 00000004 B gpuCmdBufOffset
00b8bf10 00000004 B gpuCmdBufSize
00b8bf14 00000004 B gpuCmdBuf
00b8bf18 00000004 b boundQueue
00b8bf1c 00000001 b shouldStop
00b8bf1d 00000001 b isRunning
00b8bf1e 00000001 b isActive
00b8bf20 00000004 b curQueue
00b8bf24 00000001 b flagValue.0
00b8bf25 00000001 b flagInit.1
00b8bf28 00000004 b serviceName.6
00b8bf2c 00000001 b aptChainloadFlags
00b8bf2d 00000001 b aptChainloadMediatype
00b8bf30 00000020 b aptChainloadHmac
00b8bf50 00000300 b aptChainloadDeliverArg
00b8c250 00000008 b aptChainloadTid
00b8c258 00001000 b aptParameters
00b8d258 00000004 b aptFlags
00b8d25c 00000001 b aptHomeButtonState
00b8d260 00000004 b aptMessageFuncData
00b8d264 00000004 b aptMessageFunc
00b8d268 0000000c b aptFirstHook
00b8d274 00000001 b aptEventHandlerThreadQuit
00b8d278 00000004 b aptEventHandlerThread
00b8d27c 00000008 b aptSleepEvent
00b8d284 00000008 b aptReceiveEvent
00b8d28c 00000008 b aptEvents
00b8d294 00000004 b aptLockHandle
00b8d298 00000004 b aptRefCount
00b8d29c 00000007 b gspEventCbOneShot
00b8d2a4 0000001c b gspEventCbData
00b8d2c0 0000001c b gspEventCb
00b8d2dc 00000038 b gspEvents
00b8d314 00000004 b gspLastEvent
00b8d318 00000001 b gspRunEvents
00b8d31c 00000004 b gspEventThread
00b8d320 00000004 b gspEvent
00b8d324 00000001 b gspGpuRight
00b8d325 00000001 b gspThreadId
00b8d328 00000004 b gspSharedMem
00b8d32c 00000004 b gspSharedMemHandle
00b8d330 00000004 b gspRefCount
00b8d334 00000004 b gspGpuHandle
00b8d338 00000001 b usingIrrst
00b8d33c 00000004 b hidRefCount
00b8d340 00000006 b gRate
00b8d348 00000006 b aVec
00b8d350 00000004 b cPos
00b8d354 00000004 b tPos
00b8d358 00000004 b kRepeat
00b8d35c 00000004 b kUp
00b8d360 00000004 b kDown
00b8d364 00000004 b kHeld
00b8d368 00000004 b kOld
00b8d36c 00000004 B hidSharedMem
00b8d370 00000014 B hidEvents
00b8d384 00000004 B hidMemHandle
00b8d388 00000004 B hidHandle
00b8d38c 00000004 b irrstRefCount
00b8d390 00000004 b csPos
00b8d394 00000004 b kHeld
00b8d398 00000004 B irrstSharedMem
00b8d39c 00000004 B irrstEvent
00b8d3a0 00000004 B irrstMemHandle
00b8d3a4 00000004 B irrstHandle
00b8d3a8 00000004 b ptmSysmRefCount
00b8d3ac 00000004 b ptmSysmHandle
00b8d3b0 00000004 V __ctru_linear_heap_size
00b8d3b4 00000004 V __ctru_heap_size
00b8d3b8 00000004 B __ctru_linear_heap
00b8d3bc 00000004 B __ctru_heap
00b8d3c0 00000004 B __system_retAddr
00b8d3c4 00000004 B __system_argv
00b8d3c8 00000004 B __system_argc
00b8d3cc b saved_stack
00b8d3d4 00000004 B __3dslink_host
00b8d3d8 00000004 b srvRefCount
00b8d3dc 00000004 b srvHandle
00b8d3e0 00000004 b arbiter
00b8d3e4 00000004 b currentAddr
00b8d3e8 00000004 b maxAddr
00b8d3ec 00000004 b minAddr
00b8d3f0 00000004 b srvPmHandle
00b8d3f8 000005c0 b archive_devices
00b8d9b8 00000004 b archive_device_cwd
00b8d9bc 00000001 b archive_initialized
00b8d9c0 00000080 b fsExemptArchives
00b8da40 00000004 b fsuRefCount
00b8da44 00000004 b fsuHandle
00b8da48 00000028 B __malloc_current_mallinfo
00b8da70 00000004 B __malloc_max_total_mem
00b8da74 00000004 B __malloc_max_sbrked_mem
00b8da78 00000004 B __malloc_top_pad
00b8da7c 0000000c b __malloc_recursive_mutex
00b8da88 0000000c b __sfp_recursive_mutex
00b8da98 00000168 B __sf
00b8dc00 00000004 B __stdio_exit_handler
00b8dc04 00000400 b temp_cwd
00b8e004 00000004 b __hndl_lock
00b8e008 00000004 B fake_heap_start
00b8e00c 00000004 B fake_heap_end
00b8e010 00000004 b heap_start.0
00b8e014 B __tls_start
00b8ec1c B __bss_end__
00b8ec1c A __end__
00b8ec1c B __tls_end
